<?xml version="1.0" encoding="UTF-8"?>
<testng-results ignored="0" total="1" passed="1" failed="0" skipped="0">
  <reporter-output>
    <line>
      <![CDATA[Browser verified]]>
    </line>
    <line>
      <![CDATA[Opening edge]]>
    </line>
    <line>
      <![CDATA[Navigating to https://www.saucedemo.com/]]>
    </line>
    <line>
      <![CDATA[Home page successfully loaded]]>
    </line>
    <line>
      <![CDATA[All product page successfully loaded]]>
    </line>
    <line>
      <![CDATA[Your cart page successfully loaded]]>
    </line>
    <line>
      <![CDATA[Product Name: Sauce Labs Backpack]]>
    </line>
    <line>
      <![CDATA[Product Quantity: 1]]>
    </line>
    <line>
      <![CDATA[Product Name: Sauce Labs Bike Light]]>
    </line>
    <line>
      <![CDATA[Product Quantity: 1]]>
    </line>
    <line>
      <![CDATA[Checkout info page successfully loaded]]>
    </line>
    <line>
      <![CDATA[Checkout overview page successfully loaded]]>
    </line>
    <line>
      <![CDATA[Payment Information: SauceCard #31337]]>
    </line>
    <line>
      <![CDATA[Shipping Information: Free Pony Express Delivery!]]>
    </line>
    <line>
      <![CDATA[Price Total: Total: $43.18]]>
    </line>
    <line>
      <![CDATA[Checkout complete page successfully loaded]]>
    </line>
    <line>
      <![CDATA[Success msg displayed: Thank you for your order!]]>
    </line>
    <line>
      <![CDATA[edge closed]]>
    </line>
  </reporter-output>
  <suite started-at="2025-05-11T04:22:10 IST" name="RegressionSuite" finished-at="2025-05-11T04:22:20 IST" duration-ms="9330">
    <groups>
    </groups>
    <test started-at="2025-05-11T04:22:10 IST" name="Test" finished-at="2025-05-11T04:22:20 IST" duration-ms="9330">
      <class name="Product.TestCase_01">
        <test-method is-config="true" signature="browserSetup(java.lang.String)[pri:0, instance:Product.TestCase_01@689604d9]" started-at="2025-05-11T04:22:10 IST" name="browserSetup" finished-at="2025-05-11T04:22:16 IST" duration-ms="5195" status="PASS">
          <params>
            <param index="0">
              <value>
                <![CDATA[edge]]>
              </value>
            </param>
          </params>
          <reporter-output>
            <line>
              <![CDATA[Browser verified]]>
            </line>
            <line>
              <![CDATA[Opening edge]]>
            </line>
            <line>
              <![CDATA[Navigating to https://www.saucedemo.com/]]>
            </line>
          </reporter-output>
        </test-method> <!-- browserSetup -->
        <test-method signature="login()[pri:0, instance:Product.TestCase_01@689604d9]" started-at="2025-05-11T04:22:16 IST" name="login" finished-at="2025-05-11T04:22:20 IST" duration-ms="3967" status="PASS">
          <reporter-output>
            <line>
              <![CDATA[Home page successfully loaded]]>
            </line>
            <line>
              <![CDATA[All product page successfully loaded]]>
            </line>
            <line>
              <![CDATA[Your cart page successfully loaded]]>
            </line>
            <line>
              <![CDATA[Product Name: Sauce Labs Backpack]]>
            </line>
            <line>
              <![CDATA[Product Quantity: 1]]>
            </line>
            <line>
              <![CDATA[Product Name: Sauce Labs Bike Light]]>
            </line>
            <line>
              <![CDATA[Product Quantity: 1]]>
            </line>
            <line>
              <![CDATA[Checkout info page successfully loaded]]>
            </line>
            <line>
              <![CDATA[Checkout overview page successfully loaded]]>
            </line>
            <line>
              <![CDATA[Payment Information: SauceCard #31337]]>
            </line>
            <line>
              <![CDATA[Shipping Information: Free Pony Express Delivery!]]>
            </line>
            <line>
              <![CDATA[Price Total: Total: $43.18]]>
            </line>
            <line>
              <![CDATA[Checkout complete page successfully loaded]]>
            </line>
            <line>
              <![CDATA[Success msg displayed: Thank you for your order!]]>
            </line>
          </reporter-output>
        </test-method> <!-- login -->
        <test-method is-config="true" signature="terminateBrowser(java.lang.String)[pri:0, instance:Product.TestCase_01@689604d9]" started-at="2025-05-11T04:22:20 IST" name="terminateBrowser" finished-at="2025-05-11T04:22:20 IST" duration-ms="122" status="PASS">
          <params>
            <param index="0">
              <value>
                <![CDATA[edge]]>
              </value>
            </param>
          </params>
          <reporter-output>
            <line>
              <![CDATA[edge closed]]>
            </line>
          </reporter-output>
        </test-method> <!-- terminateBrowser -->
      </class> <!-- Product.TestCase_01 -->
    </test> <!-- Test -->
  </suite> <!-- RegressionSuite -->
</testng-results>
